
SQL*Loader: Release 18.0.0.0.0 - Production on Mon Mar 13 12:17:16 2023
Version 18.5.0.0.0

Copyright (c) 1982, 2018, Oracle and/or its affiliates.  All rights reserved.

Control File:   cargarTemporal.ctl
Character Set UTF8 specified for all input.
First primary datafile DB_Excel.csv has a
 utf8 byte order mark in it.

Data File:      DB_Excel.csv
  Bad File:     DB_Excel.bad
  Discard File:  none specified
 
 (Allow all discards)

Number to load: ALL
Number to skip: 1
Errors allowed: 50
Bind array:     250 rows, maximum of 1048576 bytes
Continuation:    none specified
Path used:      Conventional

Table TEMPORAL, loaded from every logical record.
Insert option in effect for this table: APPEND
TRAILING NULLCOLS option in effect

   Column Name                  Position   Len  Term Encl Datatype
------------------------------ ---------- ----- ---- ---- ---------------------
NOMBRE_VICTIMA                      FIRST     *   ,  O(") CHARACTER            
APELLIDO_VICTIMA                     NEXT     *   ,  O(") CHARACTER            
DIRECCION_VICTIMA                    NEXT     *   ,  O(") CHARACTER            
FECHA_PRIMERA_SOSPECHA               NEXT     *   ,  O(") CHARACTER            
FECHA_CONFIRMACION                   NEXT     *   ,  O(") CHARACTER            
FECHA_MUERTE                         NEXT     *   ,  O(") CHARACTER            
ESTADO_VICTIMA                       NEXT     *   ,  O(") CHARACTER            
NOMBRE_ASOCIADO                      NEXT     *   ,  O(") CHARACTER            
APELLIDO_ASOCIADO                    NEXT     *   ,  O(") CHARACTER            
FECHA_CONOCIO                        NEXT     *   ,  O(") CHARACTER            
CONTACTO_FISICO                      NEXT     *   ,  O(") CHARACTER            
FECHA_INICIO_CONTACTO                NEXT     *   ,  O(") CHARACTER            
FECHA_FIN_CONTACTO                   NEXT     *   ,  O(") CHARACTER            
NOMBRE_HOSPITAL                      NEXT     *   ,  O(") CHARACTER            
DIRECCION_HOSPITAL                   NEXT     *   ,  O(") CHARACTER            
UBICACION_VICTIMA                    NEXT     *   ,  O(") CHARACTER            
FECHA_LLEGADA                        NEXT     *   ,  O(") CHARACTER            
FECHA_RETIRO                         NEXT     *   ,  O(") CHARACTER            
TRATAMIENTO                          NEXT     *   ,  O(") CHARACTER            
EFECTIVIDAD                          NEXT     *   ,  O(") CHARACTER            
FECHA_INICIO_TRATAMIENTO             NEXT     *   ,  O(") CHARACTER            
FECHA_FIN_TRATAMIENTO                NEXT     *   ,  O(") CHARACTER            
EFECTIVIDAD_EN_VICTIMA               NEXT     *   ,  O(") CHARACTER            

value used for ROWS parameter changed from 250 to 176

Table TEMPORAL:
  14032 Rows successfully loaded.
  0 Rows not loaded due to data errors.
  0 Rows not loaded because all WHEN clauses were failed.
  0 Rows not loaded because all fields were null.


Space allocated for bind array:                1044384 bytes(176 rows)
Read   buffer bytes: 1048576

Total logical records skipped:          1
Total logical records read:         14032
Total logical records rejected:         0
Total logical records discarded:        0

Run began on Mon Mar 13 12:17:16 2023
Run ended on Mon Mar 13 12:17:17 2023

Elapsed time was:     00:00:01.02
CPU time was:         00:00:00.28
